<?xml version="1.0" encoding="UTF-8"?>
<!-- Generated by org.testng.reporters.JUnitReportReporter -->
<testsuite hostname="Dhaval" failures="0" tests="3" name="com.example.api.ApiTest" time="2.388" errors="0" timestamp="2024-12-01T23:25:30 EST" skipped="0">
  <testcase classname="com.example.api.ApiTest" name="testPostRequest" time="0.193"/>
  <system-out/>
  <testcase classname="com.example.api.ApiTest" name="testGetRequest" time="0.099"/>
  <system-out/>
  <testcase classname="com.example.api.ApiTest" name="testAllPosts" time="2.096"/>
  <system-out/>
</testsuite> <!-- com.example.api.ApiTest -->
